This is pdfTeX, Version 3.141592653-2.6-1.40.27 (TeX Live 2025/nixos.org) (preloaded format=pdflatex 1980.1.1)  3 JAN 2026 15:52
entering extended mode
 restricted \write18 enabled.
 file:line:error style messages enabled.
 %&-line parsing enabled.
**/home/felix/bachelor_thesis/thesis/main.tex
(/home/felix/bachelor_thesis/thesis/main.tex
LaTeX2e <2025-06-01> patch level 1
L3 programming layer <2025-06-09>
(/nix/store/a4xk35zqigjpqbrdindypnn14fm6id9s-texlive-combined-full-2025.20250703-texmfdist/tex/latex/base/article.cls
Document Class: article 2025/01/22 v1.4n Standard LaTeX document class
(/nix/store/a4xk35zqigjpqbrdindypnn14fm6id9s-texlive-combined-full-2025.20250703-texmfdist/tex/latex/base/size12.clo
File: size12.clo 2025/01/22 v1.4n Standard LaTeX file (size option)
)
\c@part=\count275
\c@section=\count276
\c@subsection=\count277
\c@subsubsection=\count278
\c@paragraph=\count279
\c@subparagraph=\count280
\c@figure=\count281
\c@table=\count282
\abovecaptionskip=\skip49
\belowcaptionskip=\skip50
\bibindent=\dimen148
) (./setup.tex (/nix/store/a4xk35zqigjpqbrdindypnn14fm6id9s-texlive-combined-full-2025.20250703-texmfdist/tex/latex/base/fontenc.sty
Package: fontenc 2024/12/21 v2.1c Standard LaTeX package
) (/nix/store/a4xk35zqigjpqbrdindypnn14fm6id9s-texlive-combined-full-2025.20250703-texmfdist/tex/latex/psnfss/helvet.sty
Package: helvet 2020/03/25 PSNFSS-v9.3 (WaS) 
 (/nix/store/a4xk35zqigjpqbrdindypnn14fm6id9s-texlive-combined-full-2025.20250703-texmfdist/tex/latex/graphics/keyval.sty
Package: keyval 2022/05/29 v1.15 key=value parser (DPC)
\KV@toks@=\toks17
)) (/nix/store/a4xk35zqigjpqbrdindypnn14fm6id9s-texlive-combined-full-2025.20250703-texmfdist/tex/generic/babel/babel.sty
Package: babel 2025/06/10 v25.10 The multilingual framework for pdfLaTeX, LuaLaTeX and XeLaTeX
\babel@savecnt=\count283
LaTeX Encoding Info:    Redeclaring text command \ij (encoding OT1) on input line 2043.
LaTeX Encoding Info:    Redeclaring text command \IJ (encoding OT1) on input line 2045.
LaTeX Encoding Info:    Redeclaring text command \ij (encoding T1) on input line 2047.
LaTeX Encoding Info:    Redeclaring text command \IJ (encoding T1) on input line 2048.
LaTeX Encoding Info:    Ignoring declaration for text command \ij (encoding ?) on input line 2049.
LaTeX Encoding Info:    Ignoring declaration for text command \IJ (encoding ?) on input line 2051.
LaTeX Encoding Info:    Ignoring declaration for text command \SS (encoding ?) on input line 2076.
\U@D=\dimen149
\l@unhyphenated=\language90
 (/nix/store/a4xk35zqigjpqbrdindypnn14fm6id9s-texlive-combined-full-2025.20250703-texmfdist/tex/generic/babel/txtbabel.def)
\bbl@readstream=\read2
\bbl@dirlevel=\count284
 (/nix/store/a4xk35zqigjpqbrdindypnn14fm6id9s-texlive-combined-full-2025.20250703-texmfdist/tex/generic/babel-german/ngerman.ldf
Language: ngerman 2024/12/10 v2.15 German support for babel (post-1996 orthography)
 (/nix/store/a4xk35zqigjpqbrdindypnn14fm6id9s-texlive-combined-full-2025.20250703-texmfdist/tex/generic/babel/locale/de/babel-ngerman.tex
Package babel Info: Importing font and identification data for ngerman
(babel)             from babel-de.ini. Reported on input line 11.
) (/nix/store/a4xk35zqigjpqbrdindypnn14fm6id9s-texlive-combined-full-2025.20250703-texmfdist/tex/generic/babel-german/ngermanb.ldf
Language: ngermanb 2024/12/10 v2.15 German support for babel (post-1996 orthography)
Package babel Info: Making " an active character on input line 122.
)) (/nix/store/a4xk35zqigjpqbrdindypnn14fm6id9s-texlive-combined-full-2025.20250703-texmfdist/tex/generic/babel-english/english.ldf
Language: english 2017/06/06 v3.3r English support from the babel system
 (/nix/store/a4xk35zqigjpqbrdindypnn14fm6id9s-texlive-combined-full-2025.20250703-texmfdist/tex/generic/babel/locale/en/babel-english.tex
Package babel Info: Importing font and identification data for english
(babel)             from babel-en.ini. Reported on input line 11.
)
Package babel Info: Hyphen rules for 'canadian' set to \l@english
(babel)             (\language0). Reported on input line 102.
Package babel Info: Hyphen rules for 'australian' set to \l@ukenglish
(babel)             (\language22). Reported on input line 105.
Package babel Info: Hyphen rules for 'newzealand' set to \l@ukenglish
(babel)             (\language22). Reported on input line 108.
)) (/nix/store/a4xk35zqigjpqbrdindypnn14fm6id9s-texlive-combined-full-2025.20250703-texmfdist/tex/latex/geometry/geometry.sty
Package: geometry 2020/01/02 v5.9 Page Geometry
 (/nix/store/a4xk35zqigjpqbrdindypnn14fm6id9s-texlive-combined-full-2025.20250703-texmfdist/tex/generic/iftex/ifvtex.sty
Package: ifvtex 2019/10/25 v1.7 ifvtex legacy package. Use iftex instead.
 (/nix/store/a4xk35zqigjpqbrdindypnn14fm6id9s-texlive-combined-full-2025.20250703-texmfdist/tex/generic/iftex/iftex.sty
Package: iftex 2024/12/12 v1.0g TeX engine tests
))
\Gm@cnth=\count285
\Gm@cntv=\count286
\c@Gm@tempcnt=\count287
\Gm@bindingoffset=\dimen150
\Gm@wd@mp=\dimen151
\Gm@odd@mp=\dimen152
\Gm@even@mp=\dimen153
\Gm@layoutwidth=\dimen154
\Gm@layoutheight=\dimen155
\Gm@layouthoffset=\dimen156
\Gm@layoutvoffset=\dimen157
\Gm@dimlist=\toks18
) (/nix/store/a4xk35zqigjpqbrdindypnn14fm6id9s-texlive-combined-full-2025.20250703-texmfdist/tex/latex/parskip/parskip.sty
Package: parskip 2021-03-14 v2.0h non-zero parskip adjustments
 (/nix/store/a4xk35zqigjpqbrdindypnn14fm6id9s-texlive-combined-full-2025.20250703-texmfdist/tex/latex/kvoptions/kvoptions.sty
Package: kvoptions 2022-06-15 v3.15 Key value format for package options (HO)
 (/nix/store/a4xk35zqigjpqbrdindypnn14fm6id9s-texlive-combined-full-2025.20250703-texmfdist/tex/generic/ltxcmds/ltxcmds.sty
Package: ltxcmds 2023-12-04 v1.26 LaTeX kernel commands for general use (HO)
) (/nix/store/a4xk35zqigjpqbrdindypnn14fm6id9s-texlive-combined-full-2025.20250703-texmfdist/tex/latex/kvsetkeys/kvsetkeys.sty
Package: kvsetkeys 2022-10-05 v1.19 Key value parser (HO)
)) (/nix/store/a4xk35zqigjpqbrdindypnn14fm6id9s-texlive-combined-full-2025.20250703-texmfdist/tex/latex/etoolbox/etoolbox.sty
Package: etoolbox 2025/02/11 v2.5l e-TeX tools for LaTeX (JAW)
\etb@tempcnta=\count288
)) (/nix/store/a4xk35zqigjpqbrdindypnn14fm6id9s-texlive-combined-full-2025.20250703-texmfdist/tex/latex/setspace/setspace.sty
Package: setspace 2022/12/04 v6.7b set line spacing
) (/nix/store/a4xk35zqigjpqbrdindypnn14fm6id9s-texlive-combined-full-2025.20250703-texmfdist/tex/latex/microtype/microtype.sty
Package: microtype 2025/02/11 v3.2a Micro-typographical refinements (RS)
\MT@toks=\toks19
\MT@tempbox=\box53
\MT@count=\count289
LaTeX Info: Redefining \noprotrusionifhmode on input line 1087.
LaTeX Info: Redefining \leftprotrusion on input line 1088.
\MT@prot@toks=\toks20
LaTeX Info: Redefining \rightprotrusion on input line 1107.
LaTeX Info: Redefining \textls on input line 1449.
\MT@outer@kern=\dimen158
LaTeX Info: Redefining \microtypecontext on input line 2053.
LaTeX Info: Redefining \textmicrotypecontext on input line 2070.
\MT@listname@count=\count290
 (/nix/store/a4xk35zqigjpqbrdindypnn14fm6id9s-texlive-combined-full-2025.20250703-texmfdist/tex/latex/microtype/microtype-pdftex.def
File: microtype-pdftex.def 2025/02/11 v3.2a Definitions specific to pdftex (RS)
LaTeX Info: Redefining \lsstyle on input line 944.
LaTeX Info: Redefining \lslig on input line 944.
\MT@outer@space=\skip51
)
Package microtype Info: Loading configuration file microtype.cfg.
 (/nix/store/a4xk35zqigjpqbrdindypnn14fm6id9s-texlive-combined-full-2025.20250703-texmfdist/tex/latex/microtype/microtype.cfg
File: microtype.cfg 2025/02/11 v3.2a microtype main configuration file (RS)
)
LaTeX Info: Redefining \microtypesetup on input line 3065.
) (/nix/store/a4xk35zqigjpqbrdindypnn14fm6id9s-texlive-combined-full-2025.20250703-texmfdist/tex/latex/amsmath/amsmath.sty
Package: amsmath 2025/06/16 v2.17y AMS math features
\@mathmargin=\skip52

For additional information on amsmath, use the `?' option.
(/nix/store/a4xk35zqigjpqbrdindypnn14fm6id9s-texlive-combined-full-2025.20250703-texmfdist/tex/latex/amsmath/amstext.sty
Package: amstext 2024/11/17 v2.01 AMS text
 (/nix/store/a4xk35zqigjpqbrdindypnn14fm6id9s-texlive-combined-full-2025.20250703-texmfdist/tex/latex/amsmath/amsgen.sty
File: amsgen.sty 1999/11/30 v2.0 generic functions
\@emptytoks=\toks21
\ex@=\dimen159
)) (/nix/store/a4xk35zqigjpqbrdindypnn14fm6id9s-texlive-combined-full-2025.20250703-texmfdist/tex/latex/amsmath/amsbsy.sty
Package: amsbsy 1999/11/29 v1.2d Bold Symbols
\pmbraise@=\dimen160
) (/nix/store/a4xk35zqigjpqbrdindypnn14fm6id9s-texlive-combined-full-2025.20250703-texmfdist/tex/latex/amsmath/amsopn.sty
Package: amsopn 2022/04/08 v2.04 operator names
)
\inf@bad=\count291
LaTeX Info: Redefining \frac on input line 233.
\uproot@=\count292
\leftroot@=\count293
LaTeX Info: Redefining \overline on input line 398.
LaTeX Info: Redefining \colon on input line 409.
\classnum@=\count294
\DOTSCASE@=\count295
LaTeX Info: Redefining \ldots on input line 495.
LaTeX Info: Redefining \dots on input line 498.
LaTeX Info: Redefining \cdots on input line 619.
\Mathstrutbox@=\box54
\strutbox@=\box55
LaTeX Info: Redefining \big on input line 721.
LaTeX Info: Redefining \Big on input line 722.
LaTeX Info: Redefining \bigg on input line 723.
LaTeX Info: Redefining \Bigg on input line 724.
\big@size=\dimen161
LaTeX Font Info:    Redeclaring font encoding OML on input line 742.
LaTeX Font Info:    Redeclaring font encoding OMS on input line 743.
\macc@depth=\count296
LaTeX Info: Redefining \bmod on input line 904.
LaTeX Info: Redefining \pmod on input line 909.
LaTeX Info: Redefining \smash on input line 939.
LaTeX Info: Redefining \relbar on input line 969.
LaTeX Info: Redefining \Relbar on input line 970.
\c@MaxMatrixCols=\count297
\dotsspace@=\muskip17
\c@parentequation=\count298
\dspbrk@lvl=\count299
\tag@help=\toks22
\row@=\count300
\column@=\count301
\maxfields@=\count302
\andhelp@=\toks23
\eqnshift@=\dimen162
\alignsep@=\dimen163
\tagshift@=\dimen164
\tagwidth@=\dimen165
\totwidth@=\dimen166
\lineht@=\dimen167
\@envbody=\toks24
\multlinegap=\skip53
\multlinetaggap=\skip54
\mathdisplay@stack=\toks25
LaTeX Info: Redefining \[ on input line 2949.
LaTeX Info: Redefining \] on input line 2950.
) (/nix/store/a4xk35zqigjpqbrdindypnn14fm6id9s-texlive-combined-full-2025.20250703-texmfdist/tex/latex/amscls/amsthm.sty
Package: amsthm 2020/05/29 v2.20.6
\thm@style=\toks26
\thm@bodyfont=\toks27
\thm@headfont=\toks28
\thm@notefont=\toks29
\thm@headpunct=\toks30
\thm@preskip=\skip55
\thm@postskip=\skip56
\thm@headsep=\skip57
\dth@everypar=\toks31
) (/nix/store/a4xk35zqigjpqbrdindypnn14fm6id9s-texlive-combined-full-2025.20250703-texmfdist/tex/latex/amsfonts/amsfonts.sty
Package: amsfonts 2013/01/14 v3.01 Basic AMSFonts support
\symAMSa=\mathgroup4
\symAMSb=\mathgroup5
LaTeX Font Info:    Redeclaring math symbol \hbar on input line 98.
LaTeX Font Info:    Overwriting math alphabet `\mathfrak' in version `bold'
(Font)                  U/euf/m/n --> U/euf/b/n on input line 106.
) (/nix/store/a4xk35zqigjpqbrdindypnn14fm6id9s-texlive-combined-full-2025.20250703-texmfdist/tex/latex/mathtools/mathtools.sty
Package: mathtools 2024/10/04 v1.31 mathematical typesetting tools
 (/nix/store/a4xk35zqigjpqbrdindypnn14fm6id9s-texlive-combined-full-2025.20250703-texmfdist/tex/latex/tools/calc.sty
Package: calc 2025/03/01 v4.3b Infix arithmetic (KKT,FJ)
\calc@Acount=\count303
\calc@Bcount=\count304
\calc@Adimen=\dimen168
\calc@Bdimen=\dimen169
\calc@Askip=\skip58
\calc@Bskip=\skip59
LaTeX Info: Redefining \setlength on input line 86.
LaTeX Info: Redefining \addtolength on input line 87.
\calc@Ccount=\count305
\calc@Cskip=\skip60
) (/nix/store/a4xk35zqigjpqbrdindypnn14fm6id9s-texlive-combined-full-2025.20250703-texmfdist/tex/latex/mathtools/mhsetup.sty
Package: mhsetup 2021/03/18 v1.4 programming setup (MH)
)
\g_MT_multlinerow_int=\count306
\l_MT_multwidth_dim=\dimen170
\origjot=\skip61
\l_MT_shortvdotswithinadjustabove_dim=\dimen171
\l_MT_shortvdotswithinadjustbelow_dim=\dimen172
\l_MT_above_intertext_sep=\dimen173
\l_MT_below_intertext_sep=\dimen174
\l_MT_above_shortintertext_sep=\dimen175
\l_MT_below_shortintertext_sep=\dimen176
\xmathstrut@box=\box56
\xmathstrut@dim=\dimen177
) (/nix/store/a4xk35zqigjpqbrdindypnn14fm6id9s-texlive-combined-full-2025.20250703-texmfdist/tex/latex/siunitx/siunitx.sty
Package: siunitx 2025-05-22 v3.4.12 A comprehensive (SI) units package
\l__siunitx_number_uncert_offset_int=\count307
\l__siunitx_number_exponent_fixed_int=\count308
\l__siunitx_number_min_decimal_int=\count309
\l__siunitx_number_min_integer_int=\count310
\l__siunitx_number_round_precision_int=\count311
\l__siunitx_number_lower_threshold_int=\count312
\l__siunitx_number_upper_threshold_int=\count313
\l__siunitx_number_group_first_int=\count314
\l__siunitx_number_group_size_int=\count315
\l__siunitx_number_group_minimum_int=\count316
\l__siunitx_angle_tmp_dim=\dimen178
\l__siunitx_angle_marker_box=\box57
\l__siunitx_angle_unit_box=\box58
\l__siunitx_compound_count_int=\count317
 (/nix/store/a4xk35zqigjpqbrdindypnn14fm6id9s-texlive-combined-full-2025.20250703-texmfdist/tex/latex/translations/translations.sty
Package: translations 2022/02/05 v1.12 internationalization of LaTeX2e packages (CN)
 (/nix/store/a4xk35zqigjpqbrdindypnn14fm6id9s-texlive-combined-full-2025.20250703-texmfdist/tex/generic/pdftexcmds/pdftexcmds.sty
Package: pdftexcmds 2020-06-27 v0.33 Utility functions of pdfTeX for LuaTeX (HO)
 (/nix/store/a4xk35zqigjpqbrdindypnn14fm6id9s-texlive-combined-full-2025.20250703-texmfdist/tex/generic/infwarerr/infwarerr.sty
Package: infwarerr 2019/12/03 v1.5 Providing info/warning/error messages (HO)
)
Package pdftexcmds Info: \pdf@primitive is available.
Package pdftexcmds Info: \pdf@ifprimitive is available.
Package pdftexcmds Info: \pdfdraftmode found.
))
\l__siunitx_table_tmp_box=\box59
\l__siunitx_table_tmp_dim=\dimen179
\l__siunitx_table_column_width_dim=\dimen180
\l__siunitx_table_integer_box=\box60
\l__siunitx_table_decimal_box=\box61
\l__siunitx_table_uncert_box=\box62
\l__siunitx_table_before_box=\box63
\l__siunitx_table_after_box=\box64
\l__siunitx_table_before_dim=\dimen181
\l__siunitx_table_carry_dim=\dimen182
\l__siunitx_unit_tmp_int=\count318
\l__siunitx_unit_position_int=\count319
\l__siunitx_unit_total_int=\count320
 (/nix/store/a4xk35zqigjpqbrdindypnn14fm6id9s-texlive-combined-full-2025.20250703-texmfdist/tex/latex/tools/array.sty
Package: array 2025/06/08 v2.6j Tabular extension package (FMi)
\col@sep=\dimen183
\ar@mcellbox=\box65
\extrarowheight=\dimen184
\NC@list=\toks32
\extratabsurround=\skip62
\backup@length=\skip63
\ar@cellbox=\box66
)) (/nix/store/a4xk35zqigjpqbrdindypnn14fm6id9s-texlive-combined-full-2025.20250703-texmfdist/tex/latex/hyperref/hyperref.sty
Package: hyperref 2025-06-21 v7.01n Hypertext links for LaTeX
 (/nix/store/a4xk35zqigjpqbrdindypnn14fm6id9s-texlive-combined-full-2025.20250703-texmfdist/tex/generic/kvdefinekeys/kvdefinekeys.sty
Package: kvdefinekeys 2019-12-19 v1.6 Define keys (HO)
) (/nix/store/a4xk35zqigjpqbrdindypnn14fm6id9s-texlive-combined-full-2025.20250703-texmfdist/tex/generic/pdfescape/pdfescape.sty
Package: pdfescape 2019/12/09 v1.15 Implements pdfTeX's escape features (HO)
) (/nix/store/a4xk35zqigjpqbrdindypnn14fm6id9s-texlive-combined-full-2025.20250703-texmfdist/tex/latex/hycolor/hycolor.sty
Package: hycolor 2020-01-27 v1.10 Color options for hyperref/bookmark (HO)
) (/nix/store/a4xk35zqigjpqbrdindypnn14fm6id9s-texlive-combined-full-2025.20250703-texmfdist/tex/latex/hyperref/nameref.sty
Package: nameref 2025-06-21 v2.57 Cross-referencing by name of section
 (/nix/store/a4xk35zqigjpqbrdindypnn14fm6id9s-texlive-combined-full-2025.20250703-texmfdist/tex/latex/refcount/refcount.sty
Package: refcount 2019/12/15 v3.6 Data extraction from label references (HO)
) (/nix/store/a4xk35zqigjpqbrdindypnn14fm6id9s-texlive-combined-full-2025.20250703-texmfdist/tex/generic/gettitlestring/gettitlestring.sty
Package: gettitlestring 2019/12/15 v1.6 Cleanup title references (HO)
)
\c@section@level=\count321
) (/nix/store/a4xk35zqigjpqbrdindypnn14fm6id9s-texlive-combined-full-2025.20250703-texmfdist/tex/generic/stringenc/stringenc.sty
Package: stringenc 2019/11/29 v1.12 Convert strings between diff. encodings (HO)
)
\@linkdim=\dimen185
\Hy@linkcounter=\count322
\Hy@pagecounter=\count323
 (/nix/store/a4xk35zqigjpqbrdindypnn14fm6id9s-texlive-combined-full-2025.20250703-texmfdist/tex/latex/hyperref/pd1enc.def
File: pd1enc.def 2025-06-21 v7.01n Hyperref: PDFDocEncoding definition (HO)
Now handling font encoding PD1 ...
... no UTF-8 mapping file for font encoding PD1
) (/nix/store/a4xk35zqigjpqbrdindypnn14fm6id9s-texlive-combined-full-2025.20250703-texmfdist/tex/generic/intcalc/intcalc.sty
Package: intcalc 2019/12/15 v1.3 Expandable calculations with integers (HO)
)
\Hy@SavedSpaceFactor=\count324
 (/nix/store/a4xk35zqigjpqbrdindypnn14fm6id9s-texlive-combined-full-2025.20250703-texmfdist/tex/latex/hyperref/puenc.def
File: puenc.def 2025-06-21 v7.01n Hyperref: PDF Unicode definition (HO)
Now handling font encoding PU ...
... no UTF-8 mapping file for font encoding PU
)
Package hyperref Info: Hyper figures OFF on input line 4181.
Package hyperref Info: Link nesting OFF on input line 4186.
Package hyperref Info: Hyper index ON on input line 4189.
Package hyperref Info: Plain pages OFF on input line 4196.
Package hyperref Info: Backreferencing OFF on input line 4201.
Package hyperref Info: Implicit mode ON; LaTeX internals redefined.
Package hyperref Info: Bookmarks ON on input line 4448.
\c@Hy@tempcnt=\count325
 (/nix/store/a4xk35zqigjpqbrdindypnn14fm6id9s-texlive-combined-full-2025.20250703-texmfdist/tex/latex/url/url.sty
\Urlmuskip=\muskip18
Package: url 2013/09/16  ver 3.4  Verb mode for urls, etc.
)
LaTeX Info: Redefining \url on input line 4787.
\XeTeXLinkMargin=\dimen186
 (/nix/store/a4xk35zqigjpqbrdindypnn14fm6id9s-texlive-combined-full-2025.20250703-texmfdist/tex/generic/bitset/bitset.sty
Package: bitset 2019/12/09 v1.3 Handle bit-vector datatype (HO)
 (/nix/store/a4xk35zqigjpqbrdindypnn14fm6id9s-texlive-combined-full-2025.20250703-texmfdist/tex/generic/bigintcalc/bigintcalc.sty
Package: bigintcalc 2019/12/15 v1.5 Expandable calculations on big integers (HO)
))
\Fld@menulength=\count326
\Field@Width=\dimen187
\Fld@charsize=\dimen188
Package hyperref Info: Hyper figures OFF on input line 6066.
Package hyperref Info: Link nesting OFF on input line 6071.
Package hyperref Info: Hyper index ON on input line 6074.
Package hyperref Info: backreferencing OFF on input line 6081.
Package hyperref Info: Link coloring OFF on input line 6086.
Package hyperref Info: Link coloring with OCG OFF on input line 6091.
Package hyperref Info: PDF/A mode OFF on input line 6096.
\Hy@abspage=\count327
\c@Item=\count328
\c@Hfootnote=\count329
)
Package hyperref Info: Driver (autodetected): hpdftex.
 (/nix/store/a4xk35zqigjpqbrdindypnn14fm6id9s-texlive-combined-full-2025.20250703-texmfdist/tex/latex/hyperref/hpdftex.def
File: hpdftex.def 2025-06-21 v7.01n Hyperref driver for pdfTeX
\Fld@listcount=\count330
\c@bookmark@seq@number=\count331
 (/nix/store/a4xk35zqigjpqbrdindypnn14fm6id9s-texlive-combined-full-2025.20250703-texmfdist/tex/latex/rerunfilecheck/rerunfilecheck.sty
Package: rerunfilecheck 2025-06-21 v1.11 Rerun checks for auxiliary files (HO)
 (/nix/store/a4xk35zqigjpqbrdindypnn14fm6id9s-texlive-combined-full-2025.20250703-texmfdist/tex/generic/uniquecounter/uniquecounter.sty
Package: uniquecounter 2019/12/15 v1.4 Provide unlimited unique counter (HO)
)
Package uniquecounter Info: New unique counter `rerunfilecheck' on input line 284.
)
\Hy@SectionHShift=\skip64
) (/nix/store/a4xk35zqigjpqbrdindypnn14fm6id9s-texlive-combined-full-2025.20250703-texmfdist/tex/latex/hypcap/hypcap.sty
Package: hypcap 2024-07-26 v1.13 Adjusting the anchors of captions (HO)
 (/nix/store/a4xk35zqigjpqbrdindypnn14fm6id9s-texlive-combined-full-2025.20250703-texmfdist/tex/latex/letltxmacro/letltxmacro.sty
Package: letltxmacro 2019/12/03 v1.6 Let assignment for LaTeX macros (HO)
)) (/nix/store/a4xk35zqigjpqbrdindypnn14fm6id9s-texlive-combined-full-2025.20250703-texmfdist/tex/latex/xcolor/xcolor.sty
Package: xcolor 2024/09/29 v3.02 LaTeX color extensions (UK)
 (/nix/store/a4xk35zqigjpqbrdindypnn14fm6id9s-texlive-combined-full-2025.20250703-texmfdist/tex/latex/graphics-cfg/color.cfg
File: color.cfg 2016/01/02 v1.6 sample color configuration
)
Package xcolor Info: Driver file: pdftex.def on input line 274.
 (/nix/store/a4xk35zqigjpqbrdindypnn14fm6id9s-texlive-combined-full-2025.20250703-texmfdist/tex/latex/graphics-def/pdftex.def
File: pdftex.def 2024/04/13 v1.2c Graphics/color driver for pdftex
) (/nix/store/a4xk35zqigjpqbrdindypnn14fm6id9s-texlive-combined-full-2025.20250703-texmfdist/tex/latex/graphics/mathcolor.ltx)
Package xcolor Info: Model `cmy' substituted by `cmy0' on input line 1349.
Package xcolor Info: Model `hsb' substituted by `rgb' on input line 1353.
Package xcolor Info: Model `RGB' extended on input line 1365.
Package xcolor Info: Model `HTML' substituted by `rgb' on input line 1367.
Package xcolor Info: Model `Hsb' substituted by `hsb' on input line 1368.
Package xcolor Info: Model `tHsb' substituted by `hsb' on input line 1369.
Package xcolor Info: Model `HSB' substituted by `hsb' on input line 1370.
Package xcolor Info: Model `Gray' substituted by `gray' on input line 1371.
Package xcolor Info: Model `wave' substituted by `hsb' on input line 1372.
) (/nix/store/a4xk35zqigjpqbrdindypnn14fm6id9s-texlive-combined-full-2025.20250703-texmfdist/tex/latex/graphics/dvipsnam.def
File: dvipsnam.def 2016/06/17 v3.0m Driver-dependent file (DPC,SPQR)
) (/nix/store/a4xk35zqigjpqbrdindypnn14fm6id9s-texlive-combined-full-2025.20250703-texmfdist/tex/latex/graphics/graphicx.sty
Package: graphicx 2024/12/31 v1.2e Enhanced LaTeX Graphics (DPC,SPQR)
 (/nix/store/a4xk35zqigjpqbrdindypnn14fm6id9s-texlive-combined-full-2025.20250703-texmfdist/tex/latex/graphics/graphics.sty
Package: graphics 2024/08/06 v1.4g Standard LaTeX Graphics (DPC,SPQR)
 (/nix/store/a4xk35zqigjpqbrdindypnn14fm6id9s-texlive-combined-full-2025.20250703-texmfdist/tex/latex/graphics/trig.sty
Package: trig 2023/12/02 v1.11 sin cos tan (DPC)
) (/nix/store/a4xk35zqigjpqbrdindypnn14fm6id9s-texlive-combined-full-2025.20250703-texmfdist/tex/latex/graphics-cfg/graphics.cfg
File: graphics.cfg 2016/06/04 v1.11 sample graphics configuration
)
Package graphics Info: Driver file: pdftex.def on input line 106.
)
\Gin@req@height=\dimen189
\Gin@req@width=\dimen190
) (/nix/store/a4xk35zqigjpqbrdindypnn14fm6id9s-texlive-combined-full-2025.20250703-texmfdist/tex/latex/caption/caption.sty
Package: caption 2023/08/05 v3.6o Customizing captions (AR)
 (/nix/store/a4xk35zqigjpqbrdindypnn14fm6id9s-texlive-combined-full-2025.20250703-texmfdist/tex/latex/caption/caption3.sty
Package: caption3 2023/07/31 v2.4d caption3 kernel (AR)
\caption@tempdima=\dimen191
\captionmargin=\dimen192
\caption@leftmargin=\dimen193
\caption@rightmargin=\dimen194
\caption@width=\dimen195
\caption@indent=\dimen196
\caption@parindent=\dimen197
\caption@hangindent=\dimen198
Package caption Info: Standard document class detected.
)
\c@caption@flags=\count332
\c@continuedfloat=\count333
Package caption Info: hyperref package is loaded.
Package caption Info: hypcap package is loaded.
) (/nix/store/a4xk35zqigjpqbrdindypnn14fm6id9s-texlive-combined-full-2025.20250703-texmfdist/tex/latex/booktabs/booktabs.sty
Package: booktabs 2020/01/12 v1.61803398 Publication quality tables
\heavyrulewidth=\dimen199
\lightrulewidth=\dimen256
\cmidrulewidth=\dimen257
\belowrulesep=\dimen258
\belowbottomsep=\dimen259
\aboverulesep=\dimen260
\abovetopsep=\dimen261
\cmidrulesep=\dimen262
\cmidrulekern=\dimen263
\defaultaddspace=\dimen264
\@cmidla=\count334
\@cmidlb=\count335
\@aboverulesep=\dimen265
\@belowrulesep=\dimen266
\@thisruleclass=\count336
\@lastruleclass=\count337
\@thisrulewidth=\dimen267
) (/nix/store/a4xk35zqigjpqbrdindypnn14fm6id9s-texlive-combined-full-2025.20250703-texmfdist/tex/latex/listings/listings.sty
\lst@mode=\count338
\lst@gtempboxa=\box67
\lst@token=\toks33
\lst@length=\count339
\lst@currlwidth=\dimen268
\lst@column=\count340
\lst@pos=\count341
\lst@lostspace=\dimen269
\lst@width=\dimen270
\lst@newlines=\count342
\lst@lineno=\count343
\lst@maxwidth=\dimen271
 (/nix/store/a4xk35zqigjpqbrdindypnn14fm6id9s-texlive-combined-full-2025.20250703-texmfdist/tex/latex/listings/lstpatch.sty
File: lstpatch.sty 2024/09/23 1.10c (Carsten Heinz)
) (/nix/store/a4xk35zqigjpqbrdindypnn14fm6id9s-texlive-combined-full-2025.20250703-texmfdist/tex/latex/listings/lstmisc.sty
File: lstmisc.sty 2024/09/23 1.10c (Carsten Heinz)
\c@lstnumber=\count344
\lst@skipnumbers=\count345
\lst@framebox=\box68
) (/nix/store/a4xk35zqigjpqbrdindypnn14fm6id9s-texlive-combined-full-2025.20250703-texmfdist/tex/latex/listings/listings.cfg
File: listings.cfg 2024/09/23 1.10c listings configuration
))
Package: listings 2024/09/23 1.10c (Carsten Heinz)
 (/nix/store/a4xk35zqigjpqbrdindypnn14fm6id9s-texlive-combined-full-2025.20250703-texmfdist/tex/latex/placeins/placeins.sty
Package: placeins 2005/04/18  v 2.2
) (/nix/store/a4xk35zqigjpqbrdindypnn14fm6id9s-texlive-combined-full-2025.20250703-texmfdist/tex/latex/glossaries-extra/glossaries-extra.sty
Package: glossaries-extra 2025/05/14 v1.7 (NLCT)
 (/nix/store/a4xk35zqigjpqbrdindypnn14fm6id9s-texlive-combined-full-2025.20250703-texmfdist/tex/latex/xkeyval/xkeyval.sty
Package: xkeyval 2022/06/16 v2.9 package option processing (HA)
 (/nix/store/a4xk35zqigjpqbrdindypnn14fm6id9s-texlive-combined-full-2025.20250703-texmfdist/tex/generic/xkeyval/xkeyval.tex (/nix/store/a4xk35zqigjpqbrdindypnn14fm6id9s-texlive-combined-full-2025.20250703-texmfdist/tex/generic/xkeyval/xkvutils.tex
\XKV@toks=\toks34
\XKV@tempa@toks=\toks35
)
\XKV@depth=\count346
File: xkeyval.tex 2014/12/03 v2.7a key=value parser (HA)
)) (/nix/store/a4xk35zqigjpqbrdindypnn14fm6id9s-texlive-combined-full-2025.20250703-texmfdist/tex/latex/glossaries/base/glossaries.sty
Package: glossaries 2025/05/14 v4.7 (NLCT)
 (/nix/store/a4xk35zqigjpqbrdindypnn14fm6id9s-texlive-combined-full-2025.20250703-texmfdist/tex/latex/base/ifthen.sty
Package: ifthen 2024/03/16 v1.1e Standard LaTeX ifthen package (DPC)
) (/nix/store/a4xk35zqigjpqbrdindypnn14fm6id9s-texlive-combined-full-2025.20250703-texmfdist/tex/latex/mfirstuc/mfirstuc.sty
Package: mfirstuc 2025/04/03 v2.09 (NLCT)
\@glsmfirst=\toks36
\@glsmrest=\toks37
) (/nix/store/a4xk35zqigjpqbrdindypnn14fm6id9s-texlive-combined-full-2025.20250703-texmfdist/tex/latex/xfor/xfor.sty
Package: xfor 2009/02/05 v1.05 (NLCT)
) (|kpsewhich --var-value=TEXMF_OUTPUT_DIRECTORY) (/nix/store/a4xk35zqigjpqbrdindypnn14fm6id9s-texlive-combined-full-2025.20250703-texmfdist/tex/latex/tracklang/tracklang.sty
Package: tracklang 2025/03/11 v1.6.6 (NLCT) Track Languages
 (/nix/store/a4xk35zqigjpqbrdindypnn14fm6id9s-texlive-combined-full-2025.20250703-texmfdist/tex/generic/tracklang/tracklang.tex)
Package tracklang Info: Tracking dialect `english' (language `english') on input line 53.
Package tracklang Info: Tracking dialect `ngerman' (language `german') on input line 53.
) (/nix/store/a4xk35zqigjpqbrdindypnn14fm6id9s-texlive-combined-full-2025.20250703-texmfdist/tex/latex/glossaries-english/glossaries-english.ldf
File: glossaries-english.ldf 2014/11/23 v1.0
) (/nix/store/a4xk35zqigjpqbrdindypnn14fm6id9s-texlive-combined-full-2025.20250703-texmfdist/tex/latex/glossaries-german/glossaries-german.ldf
File: glossaries-german.ldf 2014/11/23 v1.0
) (/nix/store/a4xk35zqigjpqbrdindypnn14fm6id9s-texlive-combined-full-2025.20250703-texmfdist/tex/latex/datatool/datatool-base.sty
Package: datatool-base 2025/04/25 v3.4.1 (NLCT)
 (/nix/store/a4xk35zqigjpqbrdindypnn14fm6id9s-texlive-combined-full-2025.20250703-texmfdist/tex/latex/datatool/datatool-l3fp.def
File: datatool-l3fp.def 2025/04/25 v3.4.1 (NLCT)
)
\@dtl@toks=\toks38
\@dtl@tmpcount=\count347
\dtl@tmplength=\skip65
\l__datatool_measure_box=\box69
\dtl@sortresult=\count348
 (/nix/store/a4xk35zqigjpqbrdindypnn14fm6id9s-texlive-combined-full-2025.20250703-texmfdist/tex/latex/datatool/datatool-utf8.ldf
File: datatool-utf8.ldf 2025/04/25 v3.4.1 (NLCT)
)
\@dtl@datatype=\count349
\l__datatool_tmpa_int=\count350
\l__datatool_tmpb_int=\count351
\l__datatool_tmpc_int=\count352
\l__datatool_tmpd_int=\count353
\l__datatool_count_int=\count354
\l__datatool_tmp_datatype_int=\count355
\l__datatool_tmpa_dim=\dimen272
\l__datatool_tmpb_dim=\dimen273
\c_datatool_unknown_int=\count356
\l__datatool_year_int=\count357
\l__datatool_month_int=\count358
\l__datatool_day_int=\count359
\l__datatool_hour_int=\count360
\l__datatool_minute_int=\count361
\l__datatool_second_int=\count362
\l__datatool_tzhour_int=\count363
\l__datatool_tzminute_int=\count364
\l__datatool_julian_int=\count365
\l__datatool_local_julian_int=\count366
\l__datatool_prefix_int=\count367
\l__datatool_suffix_int=\count368
\@dtl@foreach@level=\count369
 (/nix/store/a4xk35zqigjpqbrdindypnn14fm6id9s-texlive-combined-full-2025.20250703-texmfdist/tex/latex/datatool-english/datatool-english.ldf
File: datatool-english.ldf 2025/03/12 v1.1 (NLCT)
 (/nix/store/a4xk35zqigjpqbrdindypnn14fm6id9s-texlive-combined-full-2025.20250703-texmfdist/tex/latex/datatool-english/datatool-english-utf8.ldf
File: datatool-english-utf8.ldf 2025/03/12 v1.1 (NLCT)
))

Package tracklang Warning: No `datatool' support for dialect `ngerman'  on input line 9908.

\dtl@codeA=\count370
\dtl@codeB=\count371
)
\gls@level=\count372
\@gls@tmpb=\toks39
\gls@tmplen=\skip66
\l__glossaries_tmpa_dim=\dimen274
\l__glossaries_tmpb_dim=\dimen275
\glskeylisttok=\toks40
\glslabeltok=\toks41
\glsshorttok=\toks42
\glslongtok=\toks43
 (/nix/store/a4xk35zqigjpqbrdindypnn14fm6id9s-texlive-combined-full-2025.20250703-texmfdist/tex/latex/glossaries/styles/glossary-hypernav.sty
Package: glossary-hypernav 2025/05/14 v4.7 (NLCT)
) (/nix/store/a4xk35zqigjpqbrdindypnn14fm6id9s-texlive-combined-full-2025.20250703-texmfdist/tex/latex/glossaries/styles/glossary-list.sty
Package: glossary-list 2025/05/14 v4.7 (NLCT)
\glslistdottedwidth=\skip67
) (/nix/store/a4xk35zqigjpqbrdindypnn14fm6id9s-texlive-combined-full-2025.20250703-texmfdist/tex/latex/glossaries/styles/glossary-long.sty
Package: glossary-long 2025/05/14 v4.7 (NLCT)
 (/nix/store/a4xk35zqigjpqbrdindypnn14fm6id9s-texlive-combined-full-2025.20250703-texmfdist/tex/latex/tools/longtable.sty
Package: longtable 2024-12-18 v4.23 Multi-page Table package (DPC)
\LTleft=\skip68
\LTright=\skip69
\LTpre=\skip70
\LTpost=\skip71
\LTchunksize=\count373
\LTcapwidth=\dimen276
\LT@head=\box70
\LT@firsthead=\box71
\LT@foot=\box72
\LT@lastfoot=\box73
\LT@gbox=\box74
\LT@cols=\count374
\LT@rows=\count375
\c@LT@tables=\count376
\c@LT@chunks=\count377
\LT@p@ftn=\toks44
)
\glsdescwidth=\skip72
\glspagelistwidth=\skip73
) (/nix/store/a4xk35zqigjpqbrdindypnn14fm6id9s-texlive-combined-full-2025.20250703-texmfdist/tex/latex/glossaries/styles/glossary-super.sty
Package: glossary-super 2025/05/14 v4.7 (NLCT)
 (/nix/store/a4xk35zqigjpqbrdindypnn14fm6id9s-texlive-combined-full-2025.20250703-texmfdist/tex/latex/supertabular/supertabular.sty
Package: supertabular 2024/07/20 v4.2c the supertabular environment
\c@tracingst=\count378
\ST@wd=\dimen277
\ST@rightskip=\skip74
\ST@leftskip=\skip75
\ST@parfillskip=\skip76
\ST@pageleft=\dimen278
\ST@headht=\dimen279
\ST@tailht=\dimen280
\ST@pagesofar=\dimen281
\ST@pboxht=\dimen282
\ST@rowht=\dimen283
\ST@prevht=\dimen284
\ST@toadd=\dimen285
\ST@dimen=\dimen286
\ST@pbox=\box75
)) (/nix/store/a4xk35zqigjpqbrdindypnn14fm6id9s-texlive-combined-full-2025.20250703-texmfdist/tex/latex/glossaries/styles/glossary-tree.sty
Package: glossary-tree 2025/05/14 v4.7 (NLCT)
\l__glossaries_tree_max_known_level_int=\count379
\l__glossaries_tree_offset_dim=\dimen287
\l__glossaries_tree_namewidth_dim=\dimen288
\l__glossaries_tree_symbolwidth_dim=\dimen289
\l__glossaries_tree_prenamesym_width_dim=\dimen290
\l__glossaries_tree_presubnamesym_width_dim=\dimen291
\l__glossaries_tree_namewidth_padding_dim=\dimen292
\l__glossaries_tree_symbolwidth_padding_dim=\dimen293
\l__glossaries_tree_namesymbolwidth_dim=\dimen294
\l__glossaries_tree_namesymbolwidth_padding_dim=\dimen295
\l__glossaries_tree_level_int=\count380
\glstreeindent=\skip77
))
\@glsxtr@leveloffset=\count381
\glsxtrresourcecount=\count382
\@glsxtrnewgls@inner=\count383
\glsshortpltok=\toks45
\glslongpltok=\toks46
 (/nix/store/a4xk35zqigjpqbrdindypnn14fm6id9s-texlive-combined-full-2025.20250703-texmfdist/tex/latex/glossaries-extra/glossaries-extra-abbrstyles.def
File: glossaries-extra-abbrstyles.def 2025/05/14 v1.7 (NLCT)
)
\mglselementindex=\count384
 (/nix/store/a4xk35zqigjpqbrdindypnn14fm6id9s-texlive-combined-full-2025.20250703-texmfdist/tex/latex/glossaries-extra/glossary-longextra.sty
Package: glossary-longextra 2025/05/14 v1.7 (NLCT)
 (/nix/store/a4xk35zqigjpqbrdindypnn14fm6id9s-texlive-combined-full-2025.20250703-texmfdist/tex/latex/glossaries/styles/glossary-longbooktabs.sty
Package: glossary-longbooktabs 2025/05/14 v4.7 (NLCT)
 (/nix/store/a4xk35zqigjpqbrdindypnn14fm6id9s-texlive-combined-full-2025.20250703-texmfdist/tex/latex/glossaries/styles/glossary-longragged.sty
Package: glossary-longragged 2025/05/14 v4.7 (NLCT)
))) (/nix/store/a4xk35zqigjpqbrdindypnn14fm6id9s-texlive-combined-full-2025.20250703-texmfdist/tex/latex/glossaries-extra/glossaries-extra-stylemods.sty
Package: glossaries-extra-stylemods 2025/05/14 v1.7 (NLCT)
\glsxtrAltTreeIndent=\skip78
\glsxtrtreetopindent=\skip79
)) (/nix/store/a4xk35zqigjpqbrdindypnn14fm6id9s-texlive-combined-full-2025.20250703-texmfdist/tex/latex/pdfpages/pdfpages.sty
Package: pdfpages 2025/03/12 v0.6f Insert pages of external PDF documents (AM)
 (/nix/store/a4xk35zqigjpqbrdindypnn14fm6id9s-texlive-combined-full-2025.20250703-texmfdist/tex/latex/eso-pic/eso-pic.sty
Package: eso-pic 2023/05/03 v3.0c eso-pic (RN)
\ESO@tempdima=\dimen296
\ESO@tempdimb=\dimen297
)
\AM@pagewidth=\dimen298
\AM@pageheight=\dimen299
\AM@fboxrule=\dimen300
 (/nix/store/a4xk35zqigjpqbrdindypnn14fm6id9s-texlive-combined-full-2025.20250703-texmfdist/tex/latex/pdfpages/pppdftex.def
File: pppdftex.def 2025/03/12 v0.6f Pdfpages driver for pdfTeX (AM)
)
\pdfpages@includegraphics@status=\count385
\AM@pagebox=\box76
\AM@global@opts=\toks47
\AM@pagecnt=\count386
\AM@toc@title=\toks48
\AM@lof@heading=\toks49
\c@AM@survey=\count387
\AM@templatesizebox=\box77
) (/nix/store/a4xk35zqigjpqbrdindypnn14fm6id9s-texlive-combined-full-2025.20250703-texmfdist/tex/latex/tocbibind/tocbibind.sty
Package: tocbibind 2010/10/13 v1.5k extra ToC listings
Package tocbibind Info: The document has section divisions on input line 50.


Package tocbibind Note: Using section or other style headings.

) (/nix/store/a4xk35zqigjpqbrdindypnn14fm6id9s-texlive-combined-full-2025.20250703-texmfdist/tex/latex/orcidlink/orcidlink.sty
Package: orcidlink 2024/06/26 v1.1.0 Support ORCID's three different ID formats.
 (/nix/store/a4xk35zqigjpqbrdindypnn14fm6id9s-texlive-combined-full-2025.20250703-texmfdist/tex/latex/pgf/frontendlayer/tikz.sty (/nix/store/a4xk35zqigjpqbrdindypnn14fm6id9s-texlive-combined-full-2025.20250703-texmfdist/tex/latex/pgf/basiclayer/pgf.sty (/nix/store/a4xk35zqigjpqbrdindypnn14fm6id9s-texlive-combined-full-2025.20250703-texmfdist/tex/latex/pgf/utilities/pgfrcs.sty (/nix/store/a4xk35zqigjpqbrdindypnn14fm6id9s-texlive-combined-full-2025.20250703-texmfdist/tex/generic/pgf/utilities/pgfutil-common.tex
\pgfutil@everybye=\toks50
\pgfutil@tempdima=\dimen301
\pgfutil@tempdimb=\dimen302
) (/nix/store/a4xk35zqigjpqbrdindypnn14fm6id9s-texlive-combined-full-2025.20250703-texmfdist/tex/generic/pgf/utilities/pgfutil-latex.def
\pgfutil@abb=\box78
) (/nix/store/a4xk35zqigjpqbrdindypnn14fm6id9s-texlive-combined-full-2025.20250703-texmfdist/tex/generic/pgf/utilities/pgfrcs.code.tex (/nix/store/a4xk35zqigjpqbrdindypnn14fm6id9s-texlive-combined-full-2025.20250703-texmfdist/tex/generic/pgf/pgf.revision.tex)
Package: pgfrcs 2023-01-15 v3.1.10 (3.1.10)
))
Package: pgf 2023-01-15 v3.1.10 (3.1.10)
 (/nix/store/a4xk35zqigjpqbrdindypnn14fm6id9s-texlive-combined-full-2025.20250703-texmfdist/tex/latex/pgf/basiclayer/pgfcore.sty (/nix/store/a4xk35zqigjpqbrdindypnn14fm6id9s-texlive-combined-full-2025.20250703-texmfdist/tex/latex/pgf/systemlayer/pgfsys.sty (/nix/store/a4xk35zqigjpqbrdindypnn14fm6id9s-texlive-combined-full-2025.20250703-texmfdist/tex/generic/pgf/systemlayer/pgfsys.code.tex
Package: pgfsys 2023-01-15 v3.1.10 (3.1.10)
 (/nix/store/a4xk35zqigjpqbrdindypnn14fm6id9s-texlive-combined-full-2025.20250703-texmfdist/tex/generic/pgf/utilities/pgfkeys.code.tex
\pgfkeys@pathtoks=\toks51
\pgfkeys@temptoks=\toks52
 (/nix/store/a4xk35zqigjpqbrdindypnn14fm6id9s-texlive-combined-full-2025.20250703-texmfdist/tex/generic/pgf/utilities/pgfkeyslibraryfiltered.code.tex
\pgfkeys@tmptoks=\toks53
))
\pgf@x=\dimen303
\pgf@y=\dimen304
\pgf@xa=\dimen305
\pgf@ya=\dimen306
\pgf@xb=\dimen307
\pgf@yb=\dimen308
\pgf@xc=\dimen309
\pgf@yc=\dimen310
\pgf@xd=\dimen311
\pgf@yd=\dimen312
\w@pgf@writea=\write3
\r@pgf@reada=\read3
\c@pgf@counta=\count388
\c@pgf@countb=\count389
\c@pgf@countc=\count390
\c@pgf@countd=\count391
\t@pgf@toka=\toks54
\t@pgf@tokb=\toks55
\t@pgf@tokc=\toks56
\pgf@sys@id@count=\count392
 (/nix/store/a4xk35zqigjpqbrdindypnn14fm6id9s-texlive-combined-full-2025.20250703-texmfdist/tex/generic/pgf/systemlayer/pgf.cfg
File: pgf.cfg 2023-01-15 v3.1.10 (3.1.10)
)
Driver file for pgf: pgfsys-pdftex.def
 (/nix/store/a4xk35zqigjpqbrdindypnn14fm6id9s-texlive-combined-full-2025.20250703-texmfdist/tex/generic/pgf/systemlayer/pgfsys-pdftex.def
File: pgfsys-pdftex.def 2023-01-15 v3.1.10 (3.1.10)
 (/nix/store/a4xk35zqigjpqbrdindypnn14fm6id9s-texlive-combined-full-2025.20250703-texmfdist/tex/generic/pgf/systemlayer/pgfsys-common-pdf.def
File: pgfsys-common-pdf.def 2023-01-15 v3.1.10 (3.1.10)
))) (/nix/store/a4xk35zqigjpqbrdindypnn14fm6id9s-texlive-combined-full-2025.20250703-texmfdist/tex/generic/pgf/systemlayer/pgfsyssoftpath.code.tex
File: pgfsyssoftpath.code.tex 2023-01-15 v3.1.10 (3.1.10)
\pgfsyssoftpath@smallbuffer@items=\count393
\pgfsyssoftpath@bigbuffer@items=\count394
) (/nix/store/a4xk35zqigjpqbrdindypnn14fm6id9s-texlive-combined-full-2025.20250703-texmfdist/tex/generic/pgf/systemlayer/pgfsysprotocol.code.tex
File: pgfsysprotocol.code.tex 2023-01-15 v3.1.10 (3.1.10)
)) (/nix/store/a4xk35zqigjpqbrdindypnn14fm6id9s-texlive-combined-full-2025.20250703-texmfdist/tex/generic/pgf/basiclayer/pgfcore.code.tex
Package: pgfcore 2023-01-15 v3.1.10 (3.1.10)
 (/nix/store/a4xk35zqigjpqbrdindypnn14fm6id9s-texlive-combined-full-2025.20250703-texmfdist/tex/generic/pgf/math/pgfmath.code.tex (/nix/store/a4xk35zqigjpqbrdindypnn14fm6id9s-texlive-combined-full-2025.20250703-texmfdist/tex/generic/pgf/math/pgfmathutil.code.tex) (/nix/store/a4xk35zqigjpqbrdindypnn14fm6id9s-texlive-combined-full-2025.20250703-texmfdist/tex/generic/pgf/math/pgfmathparser.code.tex
\pgfmath@dimen=\dimen313
\pgfmath@count=\count395
\pgfmath@box=\box79
\pgfmath@toks=\toks57
\pgfmath@stack@operand=\toks58
\pgfmath@stack@operation=\toks59
) (/nix/store/a4xk35zqigjpqbrdindypnn14fm6id9s-texlive-combined-full-2025.20250703-texmfdist/tex/generic/pgf/math/pgfmathfunctions.code.tex) (/nix/store/a4xk35zqigjpqbrdindypnn14fm6id9s-texlive-combined-full-2025.20250703-texmfdist/tex/generic/pgf/math/pgfmathfunctions.basic.code.tex) (/nix/store/a4xk35zqigjpqbrdindypnn14fm6id9s-texlive-combined-full-2025.20250703-texmfdist/tex/generic/pgf/math/pgfmathfunctions.trigonometric.code.tex) (/nix/store/a4xk35zqigjpqbrdindypnn14fm6id9s-texlive-combined-full-2025.20250703-texmfdist/tex/generic/pgf/math/pgfmathfunctions.random.code.tex) (/nix/store/a4xk35zqigjpqbrdindypnn14fm6id9s-texlive-combined-full-2025.20250703-texmfdist/tex/generic/pgf/math/pgfmathfunctions.comparison.code.tex) (/nix/store/a4xk35zqigjpqbrdindypnn14fm6id9s-texlive-combined-full-2025.20250703-texmfdist/tex/generic/pgf/math/pgfmathfunctions.base.code.tex) (/nix/store/a4xk35zqigjpqbrdindypnn14fm6id9s-texlive-combined-full-2025.20250703-texmfdist/tex/generic/pgf/math/pgfmathfunctions.round.code.tex) (/nix/store/a4xk35zqigjpqbrdindypnn14fm6id9s-texlive-combined-full-2025.20250703-texmfdist/tex/generic/pgf/math/pgfmathfunctions.misc.code.tex) (/nix/store/a4xk35zqigjpqbrdindypnn14fm6id9s-texlive-combined-full-2025.20250703-texmfdist/tex/generic/pgf/math/pgfmathfunctions.integerarithmetics.code.tex) (/nix/store/a4xk35zqigjpqbrdindypnn14fm6id9s-texlive-combined-full-2025.20250703-texmfdist/tex/generic/pgf/math/pgfmathcalc.code.tex) (/nix/store/a4xk35zqigjpqbrdindypnn14fm6id9s-texlive-combined-full-2025.20250703-texmfdist/tex/generic/pgf/math/pgfmathfloat.code.tex
\c@pgfmathroundto@lastzeros=\count396
)) (/nix/store/a4xk35zqigjpqbrdindypnn14fm6id9s-texlive-combined-full-2025.20250703-texmfdist/tex/generic/pgf/math/pgfint.code.tex) (/nix/store/a4xk35zqigjpqbrdindypnn14fm6id9s-texlive-combined-full-2025.20250703-texmfdist/tex/generic/pgf/basiclayer/pgfcorepoints.code.tex
File: pgfcorepoints.code.tex 2023-01-15 v3.1.10 (3.1.10)
\pgf@picminx=\dimen314
\pgf@picmaxx=\dimen315
\pgf@picminy=\dimen316
\pgf@picmaxy=\dimen317
\pgf@pathminx=\dimen318
\pgf@pathmaxx=\dimen319
\pgf@pathminy=\dimen320
\pgf@pathmaxy=\dimen321
\pgf@xx=\dimen322
\pgf@xy=\dimen323
\pgf@yx=\dimen324
\pgf@yy=\dimen325
\pgf@zx=\dimen326
\pgf@zy=\dimen327
) (/nix/store/a4xk35zqigjpqbrdindypnn14fm6id9s-texlive-combined-full-2025.20250703-texmfdist/tex/generic/pgf/basiclayer/pgfcorepathconstruct.code.tex
File: pgfcorepathconstruct.code.tex 2023-01-15 v3.1.10 (3.1.10)
\pgf@path@lastx=\dimen328
\pgf@path@lasty=\dimen329
) (/nix/store/a4xk35zqigjpqbrdindypnn14fm6id9s-texlive-combined-full-2025.20250703-texmfdist/tex/generic/pgf/basiclayer/pgfcorepathusage.code.tex
File: pgfcorepathusage.code.tex 2023-01-15 v3.1.10 (3.1.10)
\pgf@shorten@end@additional=\dimen330
\pgf@shorten@start@additional=\dimen331
) (/nix/store/a4xk35zqigjpqbrdindypnn14fm6id9s-texlive-combined-full-2025.20250703-texmfdist/tex/generic/pgf/basiclayer/pgfcorescopes.code.tex
File: pgfcorescopes.code.tex 2023-01-15 v3.1.10 (3.1.10)
\pgfpic=\box80
\pgf@hbox=\box81
\pgf@layerbox@main=\box82
\pgf@picture@serial@count=\count397
) (/nix/store/a4xk35zqigjpqbrdindypnn14fm6id9s-texlive-combined-full-2025.20250703-texmfdist/tex/generic/pgf/basiclayer/pgfcoregraphicstate.code.tex
File: pgfcoregraphicstate.code.tex 2023-01-15 v3.1.10 (3.1.10)
\pgflinewidth=\dimen332
) (/nix/store/a4xk35zqigjpqbrdindypnn14fm6id9s-texlive-combined-full-2025.20250703-texmfdist/tex/generic/pgf/basiclayer/pgfcoretransformations.code.tex
File: pgfcoretransformations.code.tex 2023-01-15 v3.1.10 (3.1.10)
\pgf@pt@x=\dimen333
\pgf@pt@y=\dimen334
\pgf@pt@temp=\dimen335
) (/nix/store/a4xk35zqigjpqbrdindypnn14fm6id9s-texlive-combined-full-2025.20250703-texmfdist/tex/generic/pgf/basiclayer/pgfcorequick.code.tex
File: pgfcorequick.code.tex 2023-01-15 v3.1.10 (3.1.10)
) (/nix/store/a4xk35zqigjpqbrdindypnn14fm6id9s-texlive-combined-full-2025.20250703-texmfdist/tex/generic/pgf/basiclayer/pgfcoreobjects.code.tex
File: pgfcoreobjects.code.tex 2023-01-15 v3.1.10 (3.1.10)
) (/nix/store/a4xk35zqigjpqbrdindypnn14fm6id9s-texlive-combined-full-2025.20250703-texmfdist/tex/generic/pgf/basiclayer/pgfcorepathprocessing.code.tex
File: pgfcorepathprocessing.code.tex 2023-01-15 v3.1.10 (3.1.10)
) (/nix/store/a4xk35zqigjpqbrdindypnn14fm6id9s-texlive-combined-full-2025.20250703-texmfdist/tex/generic/pgf/basiclayer/pgfcorearrows.code.tex
File: pgfcorearrows.code.tex 2023-01-15 v3.1.10 (3.1.10)
\pgfarrowsep=\dimen336
) (/nix/store/a4xk35zqigjpqbrdindypnn14fm6id9s-texlive-combined-full-2025.20250703-texmfdist/tex/generic/pgf/basiclayer/pgfcoreshade.code.tex
File: pgfcoreshade.code.tex 2023-01-15 v3.1.10 (3.1.10)
\pgf@max=\dimen337
\pgf@sys@shading@range@num=\count398
\pgf@shadingcount=\count399
) (/nix/store/a4xk35zqigjpqbrdindypnn14fm6id9s-texlive-combined-full-2025.20250703-texmfdist/tex/generic/pgf/basiclayer/pgfcoreimage.code.tex
File: pgfcoreimage.code.tex 2023-01-15 v3.1.10 (3.1.10)
) (/nix/store/a4xk35zqigjpqbrdindypnn14fm6id9s-texlive-combined-full-2025.20250703-texmfdist/tex/generic/pgf/basiclayer/pgfcoreexternal.code.tex
File: pgfcoreexternal.code.tex 2023-01-15 v3.1.10 (3.1.10)
\pgfexternal@startupbox=\box83
) (/nix/store/a4xk35zqigjpqbrdindypnn14fm6id9s-texlive-combined-full-2025.20250703-texmfdist/tex/generic/pgf/basiclayer/pgfcorelayers.code.tex
File: pgfcorelayers.code.tex 2023-01-15 v3.1.10 (3.1.10)
) (/nix/store/a4xk35zqigjpqbrdindypnn14fm6id9s-texlive-combined-full-2025.20250703-texmfdist/tex/generic/pgf/basiclayer/pgfcoretransparency.code.tex
File: pgfcoretransparency.code.tex 2023-01-15 v3.1.10 (3.1.10)
) (/nix/store/a4xk35zqigjpqbrdindypnn14fm6id9s-texlive-combined-full-2025.20250703-texmfdist/tex/generic/pgf/basiclayer/pgfcorepatterns.code.tex
File: pgfcorepatterns.code.tex 2023-01-15 v3.1.10 (3.1.10)
) (/nix/store/a4xk35zqigjpqbrdindypnn14fm6id9s-texlive-combined-full-2025.20250703-texmfdist/tex/generic/pgf/basiclayer/pgfcorerdf.code.tex
File: pgfcorerdf.code.tex 2023-01-15 v3.1.10 (3.1.10)
))) (/nix/store/a4xk35zqigjpqbrdindypnn14fm6id9s-texlive-combined-full-2025.20250703-texmfdist/tex/generic/pgf/modules/pgfmoduleshapes.code.tex
File: pgfmoduleshapes.code.tex 2023-01-15 v3.1.10 (3.1.10)
\pgfnodeparttextbox=\box84
) (/nix/store/a4xk35zqigjpqbrdindypnn14fm6id9s-texlive-combined-full-2025.20250703-texmfdist/tex/generic/pgf/modules/pgfmoduleplot.code.tex
File: pgfmoduleplot.code.tex 2023-01-15 v3.1.10 (3.1.10)
) (/nix/store/a4xk35zqigjpqbrdindypnn14fm6id9s-texlive-combined-full-2025.20250703-texmfdist/tex/latex/pgf/compatibility/pgfcomp-version-0-65.sty
Package: pgfcomp-version-0-65 2023-01-15 v3.1.10 (3.1.10)
\pgf@nodesepstart=\dimen338
\pgf@nodesepend=\dimen339
) (/nix/store/a4xk35zqigjpqbrdindypnn14fm6id9s-texlive-combined-full-2025.20250703-texmfdist/tex/latex/pgf/compatibility/pgfcomp-version-1-18.sty
Package: pgfcomp-version-1-18 2023-01-15 v3.1.10 (3.1.10)
)) (/nix/store/a4xk35zqigjpqbrdindypnn14fm6id9s-texlive-combined-full-2025.20250703-texmfdist/tex/latex/pgf/utilities/pgffor.sty (/nix/store/a4xk35zqigjpqbrdindypnn14fm6id9s-texlive-combined-full-2025.20250703-texmfdist/tex/latex/pgf/utilities/pgfkeys.sty (/nix/store/a4xk35zqigjpqbrdindypnn14fm6id9s-texlive-combined-full-2025.20250703-texmfdist/tex/generic/pgf/utilities/pgfkeys.code.tex)) (/nix/store/a4xk35zqigjpqbrdindypnn14fm6id9s-texlive-combined-full-2025.20250703-texmfdist/tex/latex/pgf/math/pgfmath.sty (/nix/store/a4xk35zqigjpqbrdindypnn14fm6id9s-texlive-combined-full-2025.20250703-texmfdist/tex/generic/pgf/math/pgfmath.code.tex)) (/nix/store/a4xk35zqigjpqbrdindypnn14fm6id9s-texlive-combined-full-2025.20250703-texmfdist/tex/generic/pgf/utilities/pgffor.code.tex
Package: pgffor 2023-01-15 v3.1.10 (3.1.10)
\pgffor@iter=\dimen340
\pgffor@skip=\dimen341
\pgffor@stack=\toks60
\pgffor@toks=\toks61
)) (/nix/store/a4xk35zqigjpqbrdindypnn14fm6id9s-texlive-combined-full-2025.20250703-texmfdist/tex/generic/pgf/frontendlayer/tikz/tikz.code.tex
Package: tikz 2023-01-15 v3.1.10 (3.1.10)
 (/nix/store/a4xk35zqigjpqbrdindypnn14fm6id9s-texlive-combined-full-2025.20250703-texmfdist/tex/generic/pgf/libraries/pgflibraryplothandlers.code.tex
File: pgflibraryplothandlers.code.tex 2023-01-15 v3.1.10 (3.1.10)
\pgf@plot@mark@count=\count400
\pgfplotmarksize=\dimen342
)
\tikz@lastx=\dimen343
\tikz@lasty=\dimen344
\tikz@lastxsaved=\dimen345
\tikz@lastysaved=\dimen346
\tikz@lastmovetox=\dimen347
\tikz@lastmovetoy=\dimen348
\tikzleveldistance=\dimen349
\tikzsiblingdistance=\dimen350
\tikz@figbox=\box85
\tikz@figbox@bg=\box86
\tikz@tempbox=\box87
\tikz@tempbox@bg=\box88
\tikztreelevel=\count401
\tikznumberofchildren=\count402
\tikznumberofcurrentchild=\count403
\tikz@fig@count=\count404
 (/nix/store/a4xk35zqigjpqbrdindypnn14fm6id9s-texlive-combined-full-2025.20250703-texmfdist/tex/generic/pgf/modules/pgfmodulematrix.code.tex
File: pgfmodulematrix.code.tex 2023-01-15 v3.1.10 (3.1.10)
\pgfmatrixcurrentrow=\count405
\pgfmatrixcurrentcolumn=\count406
\pgf@matrix@numberofcolumns=\count407
)
\tikz@expandcount=\count408
 (/nix/store/a4xk35zqigjpqbrdindypnn14fm6id9s-texlive-combined-full-2025.20250703-texmfdist/tex/generic/pgf/frontendlayer/tikz/libraries/tikzlibrarytopaths.code.tex
File: tikzlibrarytopaths.code.tex 2023-01-15 v3.1.10 (3.1.10)
))) (/nix/store/a4xk35zqigjpqbrdindypnn14fm6id9s-texlive-combined-full-2025.20250703-texmfdist/tex/generic/pgf/frontendlayer/tikz/libraries/tikzlibrarysvg.path.code.tex
File: tikzlibrarysvg.path.code.tex 2023-01-15 v3.1.10 (3.1.10)
 (/nix/store/a4xk35zqigjpqbrdindypnn14fm6id9s-texlive-combined-full-2025.20250703-texmfdist/tex/generic/pgf/libraries/pgflibrarysvg.path.code.tex
File: pgflibrarysvg.path.code.tex 2023-01-15 v3.1.10 (3.1.10)
 (/nix/store/a4xk35zqigjpqbrdindypnn14fm6id9s-texlive-combined-full-2025.20250703-texmfdist/tex/generic/pgf/modules/pgfmoduleparser.code.tex
File: pgfmoduleparser.code.tex 2023-01-15 v3.1.10 (3.1.10)
\pgfparserdef@arg@count=\count409
)
\pgf@lib@svg@last@x=\dimen351
\pgf@lib@svg@last@y=\dimen352
\pgf@lib@svg@last@c@x=\dimen353
\pgf@lib@svg@last@c@y=\dimen354
\pgf@lib@svg@count=\count410
\pgf@lib@svg@max@num=\count411
))
\@curXheight=\skip80
) (/nix/store/a4xk35zqigjpqbrdindypnn14fm6id9s-texlive-combined-full-2025.20250703-texmfdist/tex/latex/todonotes/todonotes.sty
Package: todonotes 2024/01/05 v1.1.7 Todonotes source and documentation.
Package: todonotes 2024/01/05
 (/nix/store/a4xk35zqigjpqbrdindypnn14fm6id9s-texlive-combined-full-2025.20250703-texmfdist/tex/generic/pgf/frontendlayer/tikz/libraries/tikzlibrarypositioning.code.tex
File: tikzlibrarypositioning.code.tex 2023-01-15 v3.1.10 (3.1.10)
)
\c@@todonotes@numberoftodonotes=\count412
)) (./references/glossary.tex
runsystem(makeindex -s main.ist -t main.glg -o main.gls main.glo)...executed safely (allowed).

runsystem(makeindex -s main.ist -t main.slg -o main.sls main.slo)...executed safely (allowed).

\glswrite=\write4
\glo@main@file=\write5
\openout5 = `main.glo'.

Package glossaries Info: Writing glossary file main.glo on input line 2.
\glo@symbols@file=\write6
\openout6 = `main.slo'.

Package glossaries Info: Writing glossary file main.slo on input line 2.
)
LaTeX Font Info:    Trying to load font information for T1+phv on input line 9.
 (/nix/store/a4xk35zqigjpqbrdindypnn14fm6id9s-texlive-combined-full-2025.20250703-texmfdist/tex/latex/psnfss/t1phv.fd
File: t1phv.fd 2020/03/25 scalable font definitions for T1/phv.
)
(/nix/store/a4xk35zqigjpqbrdindypnn14fm6id9s-texlive-combined-full-2025.20250703-texmfdist/tex/latex/l3backend/l3backend-pdftex.def
File: l3backend-pdftex.def 2025-06-09 L3 backend support: PDF output (pdfTeX)
\l__color_backend_stack_int=\count413
) (./main.aux (./sections/cover.aux) (./sections/information.aux) (./sections/declaration_english.aux) (./sections/acknowledgements.aux) (./sections/quote.aux) (./sections/abstract.aux) (./sections/zusammenfassung.aux) (./sections/table_of_contents.aux) (./sections/motivation.aux) (./sections/fundamentals.aux) (./sections/methodology.aux) (./sections/results.aux) (./sections/discussion.aux) (./sections/conclusion.aux) (./sections/symbols.aux) (./sections/figures.aux) (./sections/tables.aux) (./sections/algorithms.aux) (./sections/glossary.aux) (./sections/references.aux) (./sections/appendix.aux))
\openout1 = `main.aux'.

LaTeX Font Info:    Checking defaults for OML/cmm/m/it on input line 9.
LaTeX Font Info:    ... okay on input line 9.
LaTeX Font Info:    Checking defaults for OMS/cmsy/m/n on input line 9.
LaTeX Font Info:    ... okay on input line 9.
LaTeX Font Info:    Checking defaults for OT1/cmr/m/n on input line 9.
LaTeX Font Info:    ... okay on input line 9.
LaTeX Font Info:    Checking defaults for T1/cmr/m/n on input line 9.
LaTeX Font Info:    ... okay on input line 9.
LaTeX Font Info:    Checking defaults for TS1/cmr/m/n on input line 9.
LaTeX Font Info:    ... okay on input line 9.
LaTeX Font Info:    Checking defaults for OMX/cmex/m/n on input line 9.
LaTeX Font Info:    ... okay on input line 9.
LaTeX Font Info:    Checking defaults for U/cmr/m/n on input line 9.
LaTeX Font Info:    ... okay on input line 9.
LaTeX Font Info:    Checking defaults for PD1/pdf/m/n on input line 9.
LaTeX Font Info:    ... okay on input line 9.
LaTeX Font Info:    Checking defaults for PU/pdf/m/n on input line 9.
LaTeX Font Info:    ... okay on input line 9.

*geometry* driver: auto-detecting
*geometry* detected driver: pdftex
*geometry* verbose mode - [ preamble ] result:
* driver: pdftex
* paper: a4paper
* layout: <same size as paper>
* layoutoffset:(h,v)=(0.0pt,0.0pt)
* modes: 
* h-part:(L,W,R)=(71.13188pt, 455.24411pt, 71.13188pt)
* v-part:(T,H,B)=(71.13188pt, 717.00946pt, 56.9055pt)
* \paperwidth=597.50787pt
* \paperheight=845.04684pt
* \textwidth=455.24411pt
* \textheight=717.00946pt
* \oddsidemargin=-1.1381pt
* \evensidemargin=-1.1381pt
* \topmargin=-38.1381pt
* \headheight=12.0pt
* \headsep=25.0pt
* \topskip=12.0pt
* \footskip=30.0pt
* \marginparwidth=56.9055pt
* \marginparsep=10.0pt
* \columnsep=10.0pt
* \skip\footins=10.8pt plus 4.0pt minus 2.0pt
* \hoffset=0.0pt
* \voffset=0.0pt
* \mag=1000
* \@twocolumnfalse
* \@twosidefalse
* \@mparswitchfalse
* \@reversemarginfalse
* (1in=72.27pt=25.4mm, 1cm=28.453pt)

LaTeX Info: Redefining \microtypecontext on input line 9.
Package microtype Info: Applying patch `item' on input line 9.
Package microtype Info: Applying patch `toc' on input line 9.
Package microtype Info: Applying patch `eqnum' on input line 9.
Package microtype Info: Applying patch `verbatim' on input line 9.
LaTeX Info: Redefining \microtypesetup on input line 9.
Package microtype Info: Generating PDF output.
Package microtype Info: Character protrusion enabled (level 2).
Package microtype Info: Using default protrusion set `alltext'.
Package microtype Info: Automatic font expansion enabled (level 2),
(microtype)             stretch: 20, shrink: 20, step: 1, non-selected.
Package microtype Info: Using default expansion set `alltext-nott'.

LaTeX Warning: Command \showhyphens   has changed.
               Check if current package is valid.

LaTeX Info: Redefining \showhyphens on input line 9.
Package microtype Info: Tracking enabled.
Package microtype Info: Using default tracking set `smallcaps'.
Package microtype Info: No adjustment of interword spacing.
Package microtype Info: Adjustment of character kerning enabled.
Package microtype Info: Using default kerning set `alltext'.
Package microtype Info: Loading generic protrusion settings for font family
(microtype)             `phv' (encoding: T1).
(microtype)             For optimal results, create family-specific settings.
(microtype)             See the microtype manual for details.
(/nix/store/a4xk35zqigjpqbrdindypnn14fm6id9s-texlive-combined-full-2025.20250703-texmfdist/tex/latex/translations/translations-basic-dictionary-english.trsl
File: translations-basic-dictionary-english.trsl (english translation file `translations-basic-dictionary')
)
Package translations Info: loading dictionary `translations-basic-dictionary' for `english'. on input line 9.
 (/nix/store/a4xk35zqigjpqbrdindypnn14fm6id9s-texlive-combined-full-2025.20250703-texmfdist/tex/latex/translations/translations-basic-dictionary-german.trsl
File: translations-basic-dictionary-german.trsl (german translation file `translations-basic-dictionary')
)
Package translations Info: loading dictionary `translations-basic-dictionary' for `german'. on input line 9.
Package hyperref Info: Link coloring OFF on input line 9.
 (./main.out) (./main.out)
\@outlinefile=\write7
\openout7 = `main.out'.

 (/nix/store/a4xk35zqigjpqbrdindypnn14fm6id9s-texlive-combined-full-2025.20250703-texmfdist/tex/context/base/mkii/supp-pdf.mkii
[Loading MPS to PDF converter (version 2006.09.02).]
\scratchcounter=\count414
\scratchdimen=\dimen355
\scratchbox=\box89
\nofMPsegments=\count415
\nofMParguments=\count416
\everyMPshowfont=\toks62
\MPscratchCnt=\count417
\MPscratchDim=\dimen356
\MPnumerator=\count418
\makeMPintoPDFobject=\count419
\everyMPtoPDFconversion=\toks63
) (/nix/store/a4xk35zqigjpqbrdindypnn14fm6id9s-texlive-combined-full-2025.20250703-texmfdist/tex/latex/epstopdf-pkg/epstopdf-base.sty
Package: epstopdf-base 2020-01-24 v2.11 Base part for package epstopdf
Package epstopdf-base Info: Redefining graphics rule for `.eps' on input line 485.
 (/nix/store/a4xk35zqigjpqbrdindypnn14fm6id9s-texlive-combined-full-2025.20250703-texmfdist/tex/latex/latexconfig/epstopdf-sys.cfg
File: epstopdf-sys.cfg 2010/07/13 v1.3 Configuration of (r)epstopdf for TeX Live
))
Package caption Info: Begin \AtBeginDocument code.
Package caption Info: listings package is loaded.
Package caption Info: longtable package is loaded.
 (/nix/store/a4xk35zqigjpqbrdindypnn14fm6id9s-texlive-combined-full-2025.20250703-texmfdist/tex/latex/caption/ltcaption.sty
Package: ltcaption 2021/01/08 v1.4c longtable captions (AR)
)
Package caption Info: supertabular package is loaded.
Package caption Info: End \AtBeginDocument code.
\c@lstlisting=\count420
 (/nix/store/a4xk35zqigjpqbrdindypnn14fm6id9s-texlive-combined-full-2025.20250703-texmfdist/tex/latex/pdflscape/pdflscape.sty
Package: pdflscape 2025-06-23 v0.14 Display of landscape pages in PDF
 (/nix/store/a4xk35zqigjpqbrdindypnn14fm6id9s-texlive-combined-full-2025.20250703-texmfdist/tex/latex/pdflscape/pdflscape-nometadata.sty
Package: pdflscape-nometadata 2025-06-23 v0.14 Display of landscape pages in PDF (HO)
 (/nix/store/a4xk35zqigjpqbrdindypnn14fm6id9s-texlive-combined-full-2025.20250703-texmfdist/tex/latex/graphics/lscape.sty
Package: lscape 2020/05/28 v3.02 Landscape Pages (DPC)
)
Package pdflscape Info: Auto-detected driver: pdftex on input line 81.
))
\openout2 = `sections/cover.aux'.

 (./sections/cover.tex
<assets/cover.pdf, id=77, 597.50829pt x 845.0471pt>
File: assets/cover.pdf Graphic file (type pdf)
<use assets/cover.pdf>
Package pdftex.def Info: assets/cover.pdf  used on input line 1.
(pdftex.def)             Requested size: 597.50682pt x 845.04504pt.
<assets/cover.pdf, id=79, page=1, 597.50829pt x 845.0471pt>
File: assets/cover.pdf Graphic file (type pdf)
<use assets/cover.pdf, page 1>
Package pdftex.def Info: assets/cover.pdf , page1 used on input line 1.
(pdftex.def)             Requested size: 597.50682pt x 845.08372pt.
File: assets/cover.pdf Graphic file (type pdf)
<use assets/cover.pdf, page 1>
Package pdftex.def Info: assets/cover.pdf , page1 used on input line 1.
(pdftex.def)             Requested size: 597.56152pt x 845.1224pt.
File: assets/cover.pdf Graphic file (type pdf)
<use assets/cover.pdf, page 1>
Package pdftex.def Info: assets/cover.pdf , page1 used on input line 1.
(pdftex.def)             Requested size: 597.56152pt x 845.1224pt.
File: assets/cover.pdf Graphic file (type pdf)
<use assets/cover.pdf, page 1>
Package pdftex.def Info: assets/cover.pdf , page1 used on input line 1.
(pdftex.def)             Requested size: 597.56152pt x 845.1224pt.


File: assets/cover.pdf Graphic file (type pdf)
<use assets/cover.pdf, page 1>
Package pdftex.def Info: assets/cover.pdf , page1 used on input line 1.
(pdftex.def)             Requested size: 597.56152pt x 845.1224pt.
[1

\openout4 = `main.ist'.



 <./assets/cover.pdf{/nix/store/yg36ilq147awiwvwhymm9768ail8rjhi-texlive-combined-full-2025.20250703/share/texmf-var/fonts/map/pdftex/updmap/pdftex.map}>])
\openout2 = `sections/information.aux'.

 (./sections/information.tex
Package hyperref Info: bookmark level for unknown todo defaults to 0 on input line 44.
)


pdfTeX warning (ext4): destination with the same identifier (name{page.}) has been already used, duplicate ignored
<to be read again> 
                   \relax 
l.13 \include{sections/information}
                                    [2



{/nix/store/a4xk35zqigjpqbrdindypnn14fm6id9s-texlive-combined-full-2025.20250703-texmfdist/fonts/enc/dvips/base/8r.enc}]
\openout2 = `sections/declaration_english.aux'.

 (./sections/declaration_english.tex (/nix/store/a4xk35zqigjpqbrdindypnn14fm6id9s-texlive-combined-full-2025.20250703-texmfdist/tex/latex/microtype/mt-cmr.cfg
File: mt-cmr.cfg 2013/05/19 v2.2 microtype config. file: Computer Modern Roman (RS)
)
LaTeX Font Info:    Trying to load font information for U+msa on input line 26.
 (/nix/store/a4xk35zqigjpqbrdindypnn14fm6id9s-texlive-combined-full-2025.20250703-texmfdist/tex/latex/amsfonts/umsa.fd
File: umsa.fd 2013/01/14 v3.01 AMS symbols A
) (/nix/store/a4xk35zqigjpqbrdindypnn14fm6id9s-texlive-combined-full-2025.20250703-texmfdist/tex/latex/microtype/mt-msa.cfg
File: mt-msa.cfg 2006/02/04 v1.1 microtype config. file: AMS symbols (a) (RS)
)
LaTeX Font Info:    Trying to load font information for U+msb on input line 26.
 (/nix/store/a4xk35zqigjpqbrdindypnn14fm6id9s-texlive-combined-full-2025.20250703-texmfdist/tex/latex/amsfonts/umsb.fd
File: umsb.fd 2013/01/14 v3.01 AMS symbols B
) (/nix/store/a4xk35zqigjpqbrdindypnn14fm6id9s-texlive-combined-full-2025.20250703-texmfdist/tex/latex/microtype/mt-msb.cfg
File: mt-msb.cfg 2005/06/01 v1.0 microtype config. file: AMS symbols (b) (RS)
))


pdfTeX warning (ext4): destination with the same identifier (name{page.}) has been already used, duplicate ignored
<to be read again> 
                   \relax 
l.14 ...h}}{\include{sections/declaration_german}}
                                                   [3



]
\openout2 = `sections/acknowledgements.aux'.

 (./sections/acknowledgements.tex)


pdfTeX warning (ext4): destination with the same identifier (name{page.}) has been already used, duplicate ignored
<to be read again> 
                   \relax 
l.15 \include{sections/acknowledgements}
                                         [4



]
\openout2 = `sections/quote.aux'.

 (./sections/quote.tex)
\openout2 = `sections/abstract.aux'.

 (./sections/abstract.tex)


pdfTeX warning (ext4): destination with the same identifier (name{page.}) has been already used, duplicate ignored
<to be read again> 
                   \relax 
l.18 \include{sections/abstract}
                                 [5






]
\openout2 = `sections/zusammenfassung.aux'.

 (./sections/zusammenfassung.tex)


pdfTeX warning (ext4): destination with the same identifier (name{page.}) has been already used, duplicate ignored
<to be read again> 
                   \relax 
l.19 \include{sections/zusammenfassung}
                                        [6



]
\openout2 = `sections/table_of_contents.aux'.

 (./sections/table_of_contents.tex (./main.toc)
\tf@toc=\write8
\openout8 = `main.toc'.

)


pdfTeX warning (ext4): destination with the same identifier (name{page.}) has been already used, duplicate ignored
<to be read again> 
                   \relax 
l.21 \include{sections/table_of_contents}
                                          [7



]
\openout2 = `sections/motivation.aux'.

 (./sections/motivation.tex)

[1



]
\openout2 = `sections/fundamentals.aux'.

 (./sections/fundamentals.tex)

[2



]
\openout2 = `sections/methodology.aux'.

 (./sections/methodology.tex)

[3



]
\openout2 = `sections/results.aux'.

 (./sections/results.tex)

[4



]
\openout2 = `sections/discussion.aux'.

 (./sections/discussion.tex)

[5



]
\openout2 = `sections/conclusion.aux'.

 (./sections/conclusion.tex
Package microtype Info: Loading generic protrusion settings for font family
(microtype)             `cmtt' (encoding: T1).
(microtype)             For optimal results, create family-specific settings.
(microtype)             See the microtype manual for details.


[6



{/nix/store/a4xk35zqigjpqbrdindypnn14fm6id9s-texlive-combined-full-2025.20250703-texmfdist/fonts/enc/dvips/cm-super/cm-super-t1.enc}]
LaTeX Font Info:    Font shape `T1/phv/m/it' in size <12> not available
(Font)              Font shape `T1/phv/m/sl' tried instead on input line 66.


[7] (/nix/store/a4xk35zqigjpqbrdindypnn14fm6id9s-texlive-combined-full-2025.20250703-texmfdist/tex/latex/listings/lstlang1.sty
File: lstlang1.sty 2024/09/23 1.10c listings language file
)
Package hyperref Info: bookmark level for unknown lstlisting defaults to 0 on input line 75.
 (./assets/corporate_design_colors.py
LaTeX Font Info:    Trying to load font information for TS1+phv on input line 3.
 (/nix/store/a4xk35zqigjpqbrdindypnn14fm6id9s-texlive-combined-full-2025.20250703-texmfdist/tex/latex/psnfss/ts1phv.fd
File: ts1phv.fd 2020/03/25 scalable font definitions for TS1/phv.
)
Package microtype Info: Loading generic protrusion settings for font family
(microtype)             `phv' (encoding: TS1).
(microtype)             For optimal results, create family-specific settings.
(microtype)             See the microtype manual for details.


[8])

[9]

[10])

[11]
\openout2 = `sections/symbols.aux'.

 (./sections/symbols.tex (./main.sls))

[1



]
\openout2 = `sections/figures.aux'.

 (./sections/figures.tex (./main.lof)
\tf@lof=\write9
\openout9 = `main.lof'.

)

[2



]
\openout2 = `sections/tables.aux'.

 (./sections/tables.tex (./main.lot)
\tf@lot=\write10
\openout10 = `main.lot'.

)

[3



]
\openout2 = `sections/algorithms.aux'.

 (./sections/algorithms.tex (./main.lol)
\tf@lol=\write11
\openout11 = `main.lol'.

)

[4



]
\openout2 = `sections/glossary.aux'.

 (./sections/glossary.tex (./main.gls
Overfull \hbox (4.70375pt too wide) in alignment at lines 2--2
 [] [] [] 
 []


Overfull \hbox (4.70375pt too wide) in alignment at lines 2--2
 [] [] [] 
 []


Overfull \hbox (4.70375pt too wide) in alignment at lines 2--11
 [] [] [] 
 []

))

[5



]
\openout2 = `sections/references.aux'.

 (./sections/references.tex (./main.bbl))

[6



]
\openout2 = `sections/appendix.aux'.

 (./sections/appendix.tex)

[7



] (./main.aux (./sections/cover.aux) (./sections/information.aux) (./sections/declaration_english.aux) (./sections/acknowledgements.aux) (./sections/quote.aux) (./sections/abstract.aux) (./sections/zusammenfassung.aux) (./sections/table_of_contents.aux) (./sections/motivation.aux) (./sections/fundamentals.aux) (./sections/methodology.aux) (./sections/results.aux) (./sections/discussion.aux) (./sections/conclusion.aux) (./sections/symbols.aux) (./sections/figures.aux) (./sections/tables.aux) (./sections/algorithms.aux) (./sections/glossary.aux) (./sections/references.aux) (./sections/appendix.aux))
 ***********
LaTeX2e <2025-06-01> patch level 1
L3 programming layer <2025-06-09>
 ***********
Package rerunfilecheck Info: File `main.out' has not changed.
(rerunfilecheck)             Checksum: 64F52907D04D65D0F7ED54AF92FAD386;2158.
 ) 
Here is how much of TeX's memory you used:
 44747 strings out of 467888
 967950 string characters out of 5405403
 1674110 words of memory out of 5000000
 72297 multiletter control sequences out of 15000+600000
 659693 words of font info for 134 fonts, out of 8000000 for 9000
 1141 hyphenation exceptions out of 8191
 104i,17n,104p,2620b,2838s stack positions out of 10000i,1000n,20000p,200000b,200000s
</nix/store/a4xk35zqigjpqbrdindypnn14fm6id9s-texlive-combined-full-2025.20250703-texmfdist/fonts/type1/public/amsfonts/cm/cmmi12.pfb></nix/store/a4xk35zqigjpqbrdindypnn14fm6id9s-texlive-combined-full-2025.20250703-texmfdist/fonts/type1/public/amsfonts/cm/cmr12.pfb></nix/store/a4xk35zqigjpqbrdindypnn14fm6id9s-texlive-combined-full-2025.20250703-texmfdist/fonts/type1/public/amsfonts/cm/cmr8.pfb></nix/store/a4xk35zqigjpqbrdindypnn14fm6id9s-texlive-combined-full-2025.20250703-texmfdist/fonts/type1/public/amsfonts/cm/cmsy10.pfb></nix/store/a4xk35zqigjpqbrdindypnn14fm6id9s-texlive-combined-full-2025.20250703-texmfdist/fonts/type1/public/amsfonts/cm/cmsy8.pfb></nix/store/a4xk35zqigjpqbrdindypnn14fm6id9s-texlive-combined-full-2025.20250703-texmfdist/fonts/type1/public/cm-super/sftt1200.pfb></nix/store/a4xk35zqigjpqbrdindypnn14fm6id9s-texlive-combined-full-2025.20250703-texmfdist/fonts/type1/urw/helvetic/uhvb8a.pfb></nix/store/a4xk35zqigjpqbrdindypnn14fm6id9s-texlive-combined-full-2025.20250703-texmfdist/fonts/type1/urw/helvetic/uhvr8a.pfb></nix/store/a4xk35zqigjpqbrdindypnn14fm6id9s-texlive-combined-full-2025.20250703-texmfdist/fonts/type1/urw/helvetic/uhvro8a.pfb>
Output written on main.pdf (25 pages, 452859 bytes).
PDF statistics:
 397 PDF objects out of 1000 (max. 8388607)
 341 compressed objects within 4 object streams
 110 named destinations out of 1000 (max. 500000)
 41644 words of extra memory for PDF output out of 42996 (max. 10000000)

